<?xml version="1.0" encoding="UTF-8"?>
<!-- Generated by org.testng.reporters.JUnitXMLReporter -->
<testsuite ignored="0" hostname="JayashreeGovarthanarayanan-2018MacBookPro" failures="1" tests="1" name="chrome" time="0.024" errors="0" timestamp="07 Nov 2020 16:14:48 GMT">
  <testcase classname="week6.day1.DifferentBrowser" name="browsering" time="0.006">
    <failure type="java.lang.Error" message="Unresolved compilation problem: 
	The method setProperty(String, String) in the type System is not applicable for the arguments (String)
">
      <![CDATA[java.lang.Error: Unresolved compilation problem: 
The method setProperty(String, String) in the type System is not applicable for the arguments (String)

at week6.day1.DifferentBrowser.browsering(DifferentBrowser.java:18)
... Removed 25 stack frames]]>
    </failure>
  </testcase> <!-- browsering -->
</testsuite> <!-- chrome -->
